  [1m[36m (1.7ms)[0m  [1mCREATE TABLE "schema_migrations" ("version" varchar NOT NULL) [0m
  [1m[35m (0.1ms)[0m  select sqlite_version(*)
  [1m[36m (1.6ms)[0m  [1mCREATE UNIQUE INDEX "unique_schema_migrations" ON "schema_migrations" ("version")[0m
  [1m[35mActiveRecord::SchemaMigration Load (0.1ms)[0m  SELECT "schema_migrations".* FROM "schema_migrations"


Started GET "/" for ::1 at 2015-11-17 17:47:54 -0600
Processing by Rails::WelcomeController#index as HTML
  Rendered /Users/admin/.rvm/gems/ruby-2.1.2/gems/railties-4.2.3/lib/rails/templates/rails/welcome/index.html.erb (2.8ms)
Completed 200 OK in 27ms (Views: 19.4ms | ActiveRecord: 0.0ms)
  [1m[36mActiveRecord::SchemaMigration Load (0.1ms)[0m  [1mSELECT "schema_migrations".* FROM "schema_migrations"[0m
Migrating to CreateStudents (1)
  [1m[35m (0.1ms)[0m  begin transaction
  [1m[36m (0.4ms)[0m  [1mCREATE TABLE "students" ("id" INTEGER PRIMARY KEY AUTOINCREMENT NOT NULL, "first_name" varchar, "last_name" varchar, "created_at" datetime NOT NULL, "updated_at" datetime NOT NULL) [0m
  [1m[35mSQL (0.3ms)[0m  INSERT INTO "schema_migrations" ("version") VALUES (?)  [["version", "1"]]
  [1m[36m (1.4ms)[0m  [1mcommit transaction[0m
  [1m[35mActiveRecord::SchemaMigration Load (0.1ms)[0m  SELECT "schema_migrations".* FROM "schema_migrations"
  [1m[36m (0.1ms)[0m  [1mbegin transaction[0m
  [1m[35mSQL (0.3ms)[0m  INSERT INTO "students" ("first_name", "last_name", "created_at", "updated_at") VALUES (?, ?, ?, ?)  [["first_name", "Jordan"], ["last_name", "Hudgens"], ["created_at", "2015-11-18 00:10:55.545365"], ["updated_at", "2015-11-18 00:10:55.545365"]]
  [1m[36m (2.9ms)[0m  [1mcommit transaction[0m
  [1m[35mStudent Load (0.2ms)[0m  SELECT  "students".* FROM "students"  ORDER BY "students"."id" DESC LIMIT 1
  [1m[36m (0.1ms)[0m  [1mbegin transaction[0m
  [1m[35mSQL (0.3ms)[0m  INSERT INTO "students" ("created_at", "updated_at") VALUES (?, ?)  [["created_at", "2015-11-18 00:17:49.095449"], ["updated_at", "2015-11-18 00:17:49.095449"]]
  [1m[36m (1.2ms)[0m  [1mcommit transaction[0m
  [1m[35mStudent Load (0.2ms)[0m  SELECT  "students".* FROM "students"  ORDER BY "students"."id" DESC LIMIT 1
  [1m[36mActiveRecord::SchemaMigration Load (0.1ms)[0m  [1mSELECT "schema_migrations".* FROM "schema_migrations"[0m
  [1m[35mActiveRecord::SchemaMigration Load (0.1ms)[0m  SELECT "schema_migrations".* FROM "schema_migrations"


Started GET "/" for ::1 at 2015-11-18 13:36:42 -0600
  [1m[36mActiveRecord::SchemaMigration Load (0.1ms)[0m  [1mSELECT "schema_migrations".* FROM "schema_migrations"[0m
Processing by Rails::WelcomeController#index as HTML
  Rendered /Users/admin/.rvm/gems/ruby-2.1.2/gems/railties-4.2.3/lib/rails/templates/rails/welcome/index.html.erb (2.4ms)
Completed 200 OK in 39ms (Views: 24.5ms | ActiveRecord: 0.0ms)


Started GET "/" for ::1 at 2015-11-18 13:37:10 -0600
Processing by Rails::WelcomeController#index as HTML
  Rendered /Users/admin/.rvm/gems/ruby-2.1.2/gems/railties-4.2.3/lib/rails/templates/rails/welcome/index.html.erb (0.0ms)
Completed 200 OK in 1ms (Views: 0.7ms | ActiveRecord: 0.0ms)
  [1m[36mActiveRecord::SchemaMigration Load (0.5ms)[0m  [1mSELECT "schema_migrations".* FROM "schema_migrations"[0m
  [1m[35mActiveRecord::SchemaMigration Load (0.1ms)[0m  SELECT "schema_migrations".* FROM "schema_migrations"
  [1m[36mStudent Load (0.4ms)[0m  [1mSELECT  "students".* FROM "students"  ORDER BY "students"."id" DESC LIMIT 1[0m
  [1m[35mStudent Load (0.2ms)[0m  SELECT  "students".* FROM "students"  ORDER BY "students"."id" DESC LIMIT 1
  [1m[36m (0.1ms)[0m  [1mbegin transaction[0m
  [1m[35mSQL (0.6ms)[0m  DELETE FROM "students" WHERE "students"."id" = ?  [["id", 2]]
  [1m[36m (1.6ms)[0m  [1mcommit transaction[0m
  [1m[35mStudent Load (0.2ms)[0m  SELECT "students".* FROM "students"
  [1m[35m (27.5ms)[0m  [1m[35mCREATE TABLE "ar_internal_metadata" ("key" varchar NOT NULL PRIMARY KEY, "value" varchar, "created_at" datetime NOT NULL, "updated_at" datetime NOT NULL)[0m
  [1m[36mActiveRecord::SchemaMigration Load (0.4ms)[0m  [1m[34mSELECT "schema_migrations".* FROM "schema_migrations"[0m
Migrating to CreateSchoolClasses (20190728183049)
  [1m[35m (0.1ms)[0m  [1m[36mbegin transaction[0m
  [1m[35m (0.4ms)[0m  [1m[35mCREATE TABLE "school_classes" ("id" INTEGER PRIMARY KEY AUTOINCREMENT NOT NULL, "title" varchar, "room_number" integer, "created_at" datetime NOT NULL, "updated_at" datetime NOT NULL)[0m
  [1m[35mSQL (0.2ms)[0m  [1m[32mINSERT INTO "schema_migrations" ("version") VALUES (?)[0m  [["version", "20190728183049"]]
  [1m[35m (17.6ms)[0m  [1m[36mcommit transaction[0m
  [1m[36mActiveRecord::InternalMetadata Load (0.1ms)[0m  [1m[34mSELECT  "ar_internal_metadata".* FROM "ar_internal_metadata" WHERE "ar_internal_metadata"."key" = ? LIMIT ?[0m  [["key", "environment"], ["LIMIT", 1]]
  [1m[35m (0.0ms)[0m  [1m[36mbegin transaction[0m
  [1m[35mSQL (0.5ms)[0m  [1m[32mINSERT INTO "ar_internal_metadata" ("key", "value", "created_at", "updated_at") VALUES (?, ?, ?, ?)[0m  [["key", "environment"], ["value", "development"], ["created_at", "2019-07-28 20:05:39.616867"], ["updated_at", "2019-07-28 20:05:39.616867"]]
  [1m[35m (1.4ms)[0m  [1m[36mcommit transaction[0m
  [1m[36mActiveRecord::SchemaMigration Load (0.1ms)[0m  [1m[34mSELECT "schema_migrations".* FROM "schema_migrations"[0m
Started GET "/" for ::1 at 2019-07-28 15:08:05 -0500
  [1m[36mActiveRecord::SchemaMigration Load (4.9ms)[0m  [1m[34mSELECT "schema_migrations".* FROM "schema_migrations"[0m
Processing by Rails::WelcomeController#index as HTML
  Parameters: {"internal"=>true}
  Rendering /Users/alexmerecka/.rvm/gems/ruby-2.6.1/gems/railties-5.0.7.1/lib/rails/templates/rails/welcome/index.html.erb
  Rendered /Users/alexmerecka/.rvm/gems/ruby-2.6.1/gems/railties-5.0.7.1/lib/rails/templates/rails/welcome/index.html.erb (4.3ms)
Completed 200 OK in 123ms (Views: 58.6ms | ActiveRecord: 0.0ms)


Started GET "/students/new" for ::1 at 2019-07-28 15:08:46 -0500
Processing by StudentsController#new as HTML
  Rendering students/new.html.erb within layouts/application
  Rendered students/new.html.erb within layouts/application (132.3ms)
Completed 200 OK in 781ms (Views: 752.5ms | ActiveRecord: 1.0ms)


Started POST "/students" for ::1 at 2019-07-28 15:09:05 -0500
Processing by StudentsController#create as HTML
  Parameters: {"utf8"=>"✓", "authenticity_token"=>"aPxQoy503dEFWxFD+CldBBVQQh4P5qyV2hekeDIrjZs2zgWvPz3Bmcq0u2vDuae8vyA1aUpaX0p/PI5uAeATdQ==", "student"=>{"first_name"=>"Alex", "last_name"=>"Merecka"}, "commit"=>"Create Student"}
  [1m[35m (0.2ms)[0m  [1m[36mbegin transaction[0m
  [1m[35mSQL (18.4ms)[0m  [1m[32mINSERT INTO "students" ("first_name", "last_name", "created_at", "updated_at") VALUES (?, ?, ?, ?)[0m  [["first_name", "Alex"], ["last_name", "Merecka"], ["created_at", "2019-07-28 20:09:05.697974"], ["updated_at", "2019-07-28 20:09:05.697974"]]
  [1m[35m (6.2ms)[0m  [1m[36mcommit transaction[0m
Redirected to http://localhost:3000/students/3
Completed 302 Found in 44ms (ActiveRecord: 24.8ms)


Started GET "/students/3" for ::1 at 2019-07-28 15:09:05 -0500
Processing by StudentsController#show as HTML
  Parameters: {"id"=>"3"}
  [1m[36mStudent Load (0.2ms)[0m  [1m[34mSELECT  "students".* FROM "students" WHERE "students"."id" = ? LIMIT ?[0m  [["id", 3], ["LIMIT", 1]]
  Rendering students/show.html.erb within layouts/application
  Rendered students/show.html.erb within layouts/application (0.8ms)
Completed 200 OK in 63ms (Views: 35.3ms | ActiveRecord: 0.2ms)


Started GET "/students/3/edit" for ::1 at 2019-07-28 15:09:09 -0500
Processing by StudentsController#edit as HTML
  Parameters: {"id"=>"3"}
  [1m[36mStudent Load (0.1ms)[0m  [1m[34mSELECT  "students".* FROM "students" WHERE "students"."id" = ? LIMIT ?[0m  [["id", 3], ["LIMIT", 1]]
  Rendering students/edit.html.erb within layouts/application
  Rendered students/edit.html.erb within layouts/application (2.1ms)
Completed 200 OK in 26ms (Views: 12.7ms | ActiveRecord: 0.1ms)


